<?xml version="1.0" encoding="UTF-8"?>
<!-- Generated by org.testng.reporters.JUnitReportReporter -->
<testsuite hostname="lenovo-PC" name="com.mayan.TestWeather" tests="2" failures="0" timestamp="4 Apr 2018 06:17:39 GMT" time="0.317" errors="0">
  <testcase name="getWeather" time="0.234" classname="com.mayan.TestWeather"/>
  <testcase name="getWeatherN" time="0.083" classname="com.mayan.TestWeather"/>
</testsuite> <!-- com.mayan.TestWeather -->
